<?xml version="1.0" encoding="UTF-8"?>
<!-- Generated by org.testng.reporters.JUnitXMLReporter -->
<testsuite ignored="2" hostname="Nikhil" failures="0" tests="1" name="Default test" time="17.543" errors="0" timestamp="05 Sep 2023 10:28:11 GMT">
  <testcase classname="com.comcast.crm.organizationtest.suite.OrganizationTest" name="createOrganizationWithPhoneTest" time="8.969"/>
  <testcase classname="com.comcast.crm.organizationtest.suite.OrganizationTest" name="createOrganizationTest" time="0.0">
    <ignored/>
  </testcase> <!-- createOrganizationTest -->
  <testcase classname="com.comcast.crm.organizationtest.suite.OrganizationTest" name="createOrganizationWithIndustryTest" time="0.0">
    <ignored/>
  </testcase> <!-- createOrganizationWithIndustryTest -->
</testsuite> <!-- Default test -->
