<?xml version="1.0" encoding="UTF-8"?>
<!-- Generated by org.testng.reporters.JUnitXMLReporter -->
<testsuite ignored="1" hostname="Nikhil" failures="0" tests="2" name="test" time="53.536" errors="0" timestamp="08 Sep 2023 11:46:44 GMT">
  <testcase classname="com.comcast.crm.contacttest.suite.ContactTest" name="createContactTest" time="16.853"/>
  <testcase classname="com.comcast.crm.contacttest.suite.ContactTest" name="createContactWithOrganizationTest" time="17.193"/>
  <testcase classname="com.comcast.crm.contacttest.suite.ContactTest" name="createContactWithSupportDateTest" time="0.0">
    <ignored/>
  </testcase> <!-- createContactWithSupportDateTest -->
</testsuite> <!-- test -->
