<?xml version="1.0" encoding="UTF-8"?>
<!-- Generated by org.testng.reporters.JUnitXMLReporter -->
<testsuite ignored="2" hostname="Nikhil" failures="0" tests="6" name="Test" time="149.694" errors="0" timestamp="04 Sep 2023 12:20:51 GMT">
  <testcase classname="com.comcast.crm.contacttest.suite.ContactTest" name="createContactTest" time="16.636"/>
  <testcase classname="com.comcast.crm.contacttest.suite.ContactTest" name="createContactWithOrganizationTest" time="17.333"/>
  <testcase classname="com.comcast.crm.contacttest.suite.ContactTest" name="createContactWithSupportDateTest" time="15.933"/>
  <testcase classname="com.comcast.crm.organizationtest.suite.OrganizationTest" name="createOrganizationTest" time="16.201"/>
  <testcase classname="com.comcast.crm.organizationtest.suite.OrganizationTest" name="createOrganizationWithIndustryTest" time="16.464"/>
  <testcase classname="com.comcast.crm.organizationtest.suite.OrganizationTest" name="createOrganizationWithPhoneTest" time="16.291"/>
  <testcase classname="com.comcast.crm.basetest.BaseTest" name="@BeforeSuite reportConfiguration" time="0.0">
    <ignored/>
  </testcase> <!-- @BeforeSuite reportConfiguration -->
  <testcase classname="com.comcast.crm.basetest.BaseTest" name="@AfterSuite executeAfterSuite" time="0.0">
    <ignored/>
  </testcase> <!-- @AfterSuite executeAfterSuite -->
</testsuite> <!-- Test -->
